mode: set
/Users/cvter/Desktop/cvte/maxhub/go/src/go-learn/exercise/three/excuteOnDiffOS.go:7.13,11.2 3 0
/Users/cvter/Desktop/cvte/maxhub/go/src/go-learn/exercise/three/excuteOnDiffOS.go:13.25,15.2 1 0
/Users/cvter/Desktop/cvte/maxhub/go/src/go-learn/exercise/three/excuteOnDiffOS.go:17.19,18.13 1 1
/Users/cvter/Desktop/cvte/maxhub/go/src/go-learn/exercise/three/excuteOnDiffOS.go:19.9,20.23 1 1
/Users/cvter/Desktop/cvte/maxhub/go/src/go-learn/exercise/three/excuteOnDiffOS.go:21.9,22.18 1 1
/Users/cvter/Desktop/cvte/maxhub/go/src/go-learn/exercise/three/excuteOnDiffOS.go:23.9,24.20 1 0
/Users/cvter/Desktop/cvte/maxhub/go/src/go-learn/exercise/three/excuteOnDiffOS.go:25.10,26.17 1 0
